<?xml version="1.0" encoding="UTF-8"?>
<!-- Generated by org.testng.reporters.JUnitXMLReporter -->
<testsuite ignored="0" hostname="INLEN8520042138" failures="1" tests="4" name="CucumberDemo2 Test 1" time="38.404" errors="0" timestamp="2022-04-05T11:18:16 IST">
  <testcase classname="io.cucumber.testng.AbstractTestNGCucumberTests" name="runScenario" time="10.627"/>
  <testcase classname="io.cucumber.testng.AbstractTestNGCucumberTests" name="runScenario" time="12.54">
    <failure type="java.lang.AssertionError" message="expected [false] but found [true]">
      <![CDATA[java.lang.AssertionError: expected [false] but found [true]
at stepDefinitions.StepDefinitions.successfully_translates_text_from_english_to_german(StepDefinitions.java:58)
at âœ½.Successfully translates "I am Subham. How are you, hope you are doing well. I am good. Thank you!" from English to "german"(file:///C:/Users/HNEOGI/OneDrive%20-%20Capgemini/Documents/L1%20Training/Sprint2/MavenCucumberDemo-main/src/test/java/features/GoogleStuff.feature:9)
... Removed 4 stack frames]]>
    </failure>
  </testcase> <!-- runScenario -->
  <testcase classname="io.cucumber.testng.AbstractTestNGCucumberTests" name="runScenario" time="5.747"/>
  <testcase classname="io.cucumber.testng.AbstractTestNGCucumberTests" name="runScenario" time="4.529"/>
</testsuite> <!-- CucumberDemo2 Test 1 -->
