<?xml version="1.0" encoding="UTF-8"?>
<!-- Generated by org.testng.reporters.JUnitReportReporter -->
<testsuite hostname="INLEN8520042138" failures="1" tests="4" name="testOptions.TestRunner" time="37.665" errors="0" timestamp="2022-04-05T11:18:16 IST" skipped="0">
  <testcase classname="testOptions.TestRunner" name="runScenario" time="5.738"/>
  <system-out/>
  <testcase classname="testOptions.TestRunner" name="runScenario" time="11.709"/>
  <system-out/>
  <testcase classname="testOptions.TestRunner" name="runScenario" time="6.742"/>
  <system-out/>
  <testcase classname="testOptions.TestRunner" name="runScenario" time="13.476">
    <failure message="expected [false] but found [true]" type="java.lang.AssertionError">
      <![CDATA[java.lang.AssertionError: expected [false] but found [true]
at org.testng.Assert.fail(Assert.java:110)
at org.testng.Assert.failNotEquals(Assert.java:1413)
at org.testng.Assert.assertFalse(Assert.java:78)
at org.testng.Assert.assertFalse(Assert.java:88)
at stepDefinitions.StepDefinitions.successfully_translates_text_from_english_to_german(StepDefinitions.java:58)
at âœ½.Successfully translates "I am Subham. How are you, hope you are doing well. I am good. Thank you!" from English to "german"(file:///C:/Users/HNEOGI/OneDrive%20-%20Capgemini/Documents/L1%20Training/Sprint2/MavenCucumberDemo-main/src/test/java/features/GoogleStuff.feature:9)
]]>
    </failure>
  </testcase> <!-- runScenario -->
  <system-out/>
</testsuite> <!-- testOptions.TestRunner -->
